-0.12   -0.374887   -0.231929
-0.0532092   0.206976   -0.306462
0.0241417   -0.320953   -0.0696584
0.340401   -0.323671   0.205574
0.387207   0.198427   0.128129
-0.230083   -0.382738   0.200066
-0.033639   -0.289318   0.205282
0.484611   -0.412289   0.386848
0.042058   -0.24838   -0.246246
0.178205   0.0284152   -0.236286
0.173326   0.378484   -0.211019
-0.191652   -0.292249   0.423759
0.421336   0.330792   0.31495
0.00722657   0.469784   -0.12611
-0.270624   -0.0784129   0.417809
-0.0019156   -0.151908   0.341201
-0.228508   0.485002   0.411175
-0.158333   0.33149   -0.456068
0.144129   -0.475763   0.474955
-0.157982   0.282731   -0.0796574
-0.366618   0.0913334   0.39264
0.243028   0.140753   -0.397114
-0.174276   -0.213629   0.0133905
0.279334   -0.0186036   0.474166
-0.202484   0.26938   0.36685
0.436261   -0.0273971   -0.367997
-0.48759   -0.462134   -0.41284
-0.0274763   -0.0611592   -0.00366254
-0.365192   -0.0423295   -0.395366
-0.00292221   0.257653   0.229535
-0.40914   0.448867   0.263588
-0.177691   -0.143189   0.238897
0.222521   -0.116925   0.312791
0.494792   -0.388248   -0.183367
0.43561   -0.258622   -0.363786
-0.382064   -0.23749   0.337648
0.184412   -0.368875   0.0602702
0.481129   0.393921   -0.0916059
-0.103627   0.0648345   0.383019
0.349627   0.0436506   0.277425
0.125023   0.0776298   0.336477
-0.398329   -0.241704   -0.458447
-0.139708   -0.0193914   -0.420089
0.137284   -0.299508   0.296773
0.445382   0.413295   0.139236
0.255084   0.372547   -0.0187086
0.177639   0.0636644   0.146176
-0.181443   0.193482   0.150225
-0.424939   -0.425789   0.00450822
0.0548481   0.0354214   -0.473709
-0.248914   -0.185319   -0.344573
-0.323362   0.395849   0.070911
0.319495   -0.253141   -0.110364
-0.411163   0.292408   0.452377
-0.0183857   -0.364741   0.416496
-0.448268   -0.368295   0.191696
-0.361579   -0.153037   0.128454
-0.469922   0.0404085   0.139605
-0.19744   0.147064   -0.474765
0.188589   -0.176848   0.104754
0.137262   -0.179554   -0.494028
-0.32145   0.427257   -0.386886
-0.358337   0.2881   -0.206709
0.402058   -0.132975   0.199866
0.219288   0.495622   0.189931
-0.355553   0.144577   0.0103384
-0.0243961   0.420814   0.395477
-0.168798   0.0711462   -0.00627535
0.346749   -0.0297717   -0.189126
0.484969   0.15828   -0.278251
0.0336637   0.210335   0.463156
0.210643   0.285321   0.165166
0.477832   0.352663   -0.310434
-0.0445378   -0.215545   -0.405576
0.0631932   -0.446319   -0.316875
0.333213   -0.0650374   0.0132807
0.391271   -0.396418   0.0242581
-0.0878629   -0.0698445   -0.222957
-0.266454   0.10931   -0.271816
0.03747   0.37635   -0.394686
0.160397   -0.120674   -0.103367
-0.332131   -0.0217081   -0.116298
0.416125   0.0996352   -0.0350558
-0.286424   -0.362826   -0.337014
0.000583154   0.226407   0.0329099
0.31311   0.46709   0.394435
0.228489   -0.303574   -0.346495
0.213673   0.147155   -0.0194319
0.015835   -0.47721   0.165899
0.303317   0.179937   -0.201098
0.413457   0.197025   0.499336
-0.287326   -0.268681   -0.137969
0.497398   -0.0691947   0.384775
-0.277615   0.0323654   0.204778
0.290194   0.366521   -0.428973
-0.315172   0.494044   -0.151842
-0.133002   -0.45017   0.0275958
0.356522   -0.245249   0.403137
0.247898   0.22911   0.377819
-0.477046   -0.211302   -0.00922183
0.000803272   0.0974088   -0.139646
-0.401557   0.220448   0.253498
-0.495947   -0.183275   -0.204864
-0.0300212   0.0261104   0.207399
-0.149712   0.371786   -0.25406
-0.181053   0.411054   0.214516
-0.131866   -0.482152   -0.411837
0.266905   -0.451805   -0.204607
