1.07696   -1.9099   -1.43385
-2.37672   -1.98451   -0.305601
1.32574   1.56769   -0.220026
-0.255042   -2.00285   -0.10424
-0.55773   2.32866   0.35041
1.19681   0.464628   -0.834443
1.9256   -0.0189566   -0.218423
-0.382484   0.714849   0.835036
0.0996209   0.092327   -0.889102
-0.170513   1.04552   -0.724148
-2.05625   0.219261   -0.147454
1.55979   -1.07819   0.311264
0.521928   1.0281   1.32815
1.21364   1.59581   -0.471134
0.295144   -0.59138   1.71724
-1.61196   -0.647522   -0.106119
-0.37414   1.77281   -2.02057
-0.721851   0.393101   2.13746
-0.291471   0.114381   1.76059
-0.233513   1.54037   -1.04782
-0.273032   0.113002   0.114653
-1.20732   0.837613   -0.875041
-2.4296   -0.576193   -0.31166
-1.67865   -0.685697   -0.458629
-0.352178   -0.513223   -1.469
2.58137   0.140265   -0.0965692
0.762888   0.869757   0.880348
-0.00324049   -2.11494   -0.871785
1.79741   -1.34551   -0.978356
-0.705651   -0.833992   -0.558746
-0.883075   -0.76982   0.639491
0.786993   -0.996886   -0.0448291
1.76941   -0.351563   -0.359805
1.31646   0.27232   -0.322491
-1.26544   -0.953223   1.04436
-0.376503   0.362037   -0.532857
1.16257   -3.3623   -0.534447
-0.486648   -0.327293   -1.54468
1.33938   -0.103588   -2.49911
1.5327   1.31584   -1.26922
0.852101   -2.15169   -1.17549
1.05889   -1.21553   0.396934
0.514392   -0.364853   2.96872
-0.645255   1.18829   2.88693
-0.517658   1.12633   -1.10706
1.40069   0.177221   0.477569
1.00831   1.7304   0.0632349
1.11653   1.28905   0.151424
-0.666759   1.0311   0.904788
1.18936   2.42346   1.15286
-0.0120989   -0.283236   -0.194733
0.35487   0.207809   -0.794531
-0.537812   -0.784381   0.448751
0.121725   0.461024   -0.0278514
0.224026   -0.941561   -1.78021
-0.720348   0.502394   -0.541778
-0.220438   0.0460938   0.842124
-0.534257   1.22343   0.242565
-1.53802   0.187447   -0.0578991
-3.38312   0.686301   1.63005
-0.692697   0.411482   -0.093807
-0.901674   -0.574332   0.515586
0.924588   -0.463391   0.178852
0.988568   -1.99046   -1.80693
-0.914153   0.160207   -0.249103
-0.0422535   -0.66777   0.0328967
-0.837263   0.121305   0.102765
-0.407198   1.45951   0.520792
0.535215   0.00617481   0.745449
0.173895   -1.20139   -1.42261
-0.960491   -1.39694   1.20215
-0.282682   0.713804   0.433749
-0.301309   0.341408   0.522703
0.165633   -2.79341   -2.32017
0.272845   0.553478   1.68851
-0.233961   -0.235981   0.237283
1.51307   0.765909   -1.65874
1.50537   1.17092   0.829489
-0.491993   -1.30738   0.038082
0.177796   -0.356963   0.555702
0.346214   0.789074   -0.208267
0.419617   0.65097   -0.410293
0.739102   0.0218595   -1.28426
1.26572   0.212494   -0.2737
0.482662   0.725782   -0.838462
-0.0314011   0.232427   -1.76402
-0.0627341   0.989328   1.76235
0.492423   0.454986   -0.388435
0.708307   0.902353   1.94985
0.760965   -0.448424   1.43464
-0.0167614   -0.825484   0.566075
-1.5278   -0.234064   0.96198
0.123756   0.286536   0.626907
-0.53621   -0.807287   -0.0286212
0.149692   0.249437   0.662867
-0.90864   1.08684   -1.37902
0.072548   -0.131707   -1.24025
-0.726079   -0.916894   0.118265
-0.19215   1.29267   1.67793
-0.636188   -1.47595   1.6824
-0.60471   0.158884   1.77109
0.390021   0.627067   0.0447251
-1.79527   -0.250773   -0.96134
0.41788   -0.724643   0.476327
0.943065   0.689323   -1.00232
-1.90383   -0.815502   0.22264
-1.38729   0.395131   0.815217
0.1893   -0.010533   -1.40215
