-0.242616   -0.149075   0.136625
-0.387308   0.0992283   -0.474079
-0.474122   -0.440274   -0.297179
0.281564   0.42705   0.463018
-0.370291   -0.467027   -0.189296
0.311363   0.00399284   -0.157834
-0.0761064   0.243248   0.430238
0.359908   0.433035   -0.494546
0.467581   0.303977   -0.295907
0.462759   -0.487292   -0.343571
-0.248528   0.0552546   0.0349669
-0.324419   -0.171639   0.16107
0.487176   -0.426271   -0.44528
-0.0397291   -0.00685171   -0.223821
0.281832   -0.293349   0.0266875
0.232593   -0.49059   -0.491224
-0.430541   0.491532   0.433882
-0.251468   -0.131873   -0.445915
-0.190277   -0.401218   -0.471906
-0.224288   -0.000864243   -0.100873
-0.378171   -0.000615626   0.248003
0.376569   -0.0466012   0.185635
-0.151588   0.333985   -0.16953
-0.449768   -0.49862   0.355262
0.390475   -0.303034   -0.0694419
0.228997   -0.331823   0.143002
-0.0355615   -0.377585   0.206975
0.0741592   -0.453047   -0.230652
-0.32575   -0.412764   0.183125
-0.153041   -0.391563   -0.115682
0.0701231   0.164101   -0.105615
0.267411   0.110177   0.396719
0.145404   -0.477215   0.443445
-0.238475   -0.1415   -0.070293
0.291187   0.116802   0.0225301
-0.314684   -0.158124   -0.33529
-0.321638   -0.462494   0.411971
-0.383073   -0.0907426   0.454424
-0.0505062   0.143823   -0.399627
-0.282447   0.12116   0.431181
0.297976   -0.116631   -0.420813
0.412287   0.421163   -0.409334
0.262778   0.486921   0.395589
0.0417868   0.0667785   -0.29473
-0.463717   0.345893   -0.330314
-0.132378   -0.464193   -0.0213845
-0.344167   -0.0876707   -0.283272
0.102067   -0.348091   0.386498
0.0101595   0.364198   0.457037
0.136382   0.172274   0.269548
0.403641   0.146668   -0.0422969
-0.477238   0.409426   0.333457
-0.177312   -0.1145   0.412022
-0.448555   0.0716314   0.0226305
0.0700831   0.491047   0.490579
0.0184342   -0.135105   0.0702448
-0.0707198   0.0457372   -0.450389
0.409456   -0.0583446   -0.400644
0.314536   -0.0515468   -0.358121
0.026058   -0.270912   0.0586853
-0.033952   0.37536   -0.236076
0.00745134   -0.296257   0.205917
-0.0163947   -0.334008   0.141085
-0.255732   -0.457468   0.362938
0.364269   -0.330122   0.411606
0.312882   0.114855   0.472179
-0.129623   0.403778   0.35834
0.487443   -0.0884252   0.0391729
0.0243955   -0.0632598   -0.249575
-0.178335   0.0857235   0.363271
0.300663   0.032861   -0.010183
0.369145   0.0437463   -0.169059
-0.383904   -0.131647   0.109138
-0.260421   -0.354964   0.157163
0.198924   -0.380833   0.36928
-0.0917906   -0.00882828   0.331584
-0.256185   0.492107   -0.241255
-0.349485   -0.0987762   -0.384678
0.312744   -0.440239   -0.356728
0.036022   0.462439   0.360608
0.402463   -0.199246   -0.347156
0.0415771   0.0726929   0.167776
-0.246945   0.146586   -0.327946
-0.111209   0.234737   0.00264164
-0.0554936   -0.256907   0.0548112
-0.201776   0.409634   -0.0156169
-0.0440488   -0.242568   -0.181154
0.366999   0.0327312   0.370448
0.475328   -0.297779   -0.100957
-0.0678229   -0.207035   -0.328465
-0.282717   0.327559   -0.0219697
-0.473896   0.167667   0.23264
0.175108   -0.327633   -0.326797
-0.114144   0.0917336   -0.328045
-0.42673   -0.130451   0.04288
0.391542   -0.285341   0.483337
-0.499266   -0.303559   -0.47406
0.0265021   0.179557   0.2413
0.454477   -0.0480096   0.212909
0.395181   0.36068   0.41615
0.278515   0.019034   0.392036
0.347649   -0.36426   0.200194
-0.370757   -0.189453   -0.282195
-0.048437   0.0445936   -0.303071
-0.401715   0.466722   0.256612
-0.0431068   -0.0816019   0.344257
-0.0740469   -0.177465   0.121928
-0.127616   -0.278689   0.336587
