0.109754   0.819967   0.847222
-1.61325   -0.200879   -0.584884
0.400519   0.436851   1.29813
-0.493143   -0.323794   -1.49575
-0.321463   -0.976901   -0.982357
-0.734368   0.480785   -2.32804
-1.72135   1.48841   -0.478026
-2.05076   0.27274   1.84136
-0.24755   -0.796199   -2.32828
-0.749192   0.329797   0.895473
0.103209   -1.02681   0.19885
0.148542   0.755157   -0.274855
1.60474   1.46417   2.6967
-0.561213   -0.034762   -0.967215
-0.428848   0.678597   -0.566905
-0.545798   1.38973   -1.38095
1.26564   0.906051   -2.76136
1.21972   1.26628   -1.48059
-0.131339   -0.224063   -1.74627
-1.92711   -0.940551   -0.48116
-0.308936   1.86594   -0.0140818
-2.26801   1.03177   -0.193097
-0.357292   -2.46091   0.47165
1.07661   -1.73668   -2.38906
1.53654   -1.15219   2.33657
0.727513   0.465842   -1.83852
0.314877   -0.650241   1.68478
0.64644   0.126709   1.00071
1.24575   -1.49506   -0.19554
1.0433   -2.63694   -0.0958964
0.207663   1.09567   0.838378
-0.373587   1.1817   0.331306
0.87305   1.49279   -1.06617
-0.307199   -0.33361   0.626949
-0.650562   -1.21236   0.0108177
1.10415   -0.86217   -0.210446
1.71972   -1.39037   -1.19821
0.95915   -0.409721   0.00410161
-0.195796   -0.908286   0.525424
-0.481706   -0.530112   -0.258887
1.19005   0.0535365   -0.544885
-1.19243   0.670958   -0.822935
-1.0524   0.156016   0.418197
0.341717   0.650948   1.0524
-0.0855583   -0.597217   1.94916
-1.24637   0.33111   -0.291894
2.25919   -2.11008   1.86425
1.45068   -0.0980251   -0.0688031
-0.93608   -0.728445   0.965616
1.97689   -0.361533   -0.402338
2.03788   -0.517641   -0.228325
0.597718   0.400552   0.920051
-1.11404   1.97023   -1.32045
-1.00469   -0.311779   0.541666
-1.08769   0.737304   -0.925195
0.758927   -1.32844   1.20205
-0.611277   -0.149832   0.443031
0.411534   1.06511   0.271732
0.907101   -1.46102   -1.04098
-1.16442   0.67733   0.468267
0.331723   0.278436   0.646902
-0.092436   -1.12743   -1.86201
0.0449554   -0.737665   0.438213
-1.46678   1.43014   0.820996
-0.998635   1.79485   0.16398
1.53185   0.143623   -0.387975
0.053728   0.200508   -1.56529
-0.493361   -0.722529   0.631741
-1.38496   -1.25721   1.90551
1.2021   0.716446   -1.03686
-1.04538   0.688767   -0.442041
0.306816   1.24083   -0.206038
-1.76196   0.496871   0.049719
-0.288695   2.90953   -0.390116
0.358687   0.282645   0.672062
-0.285701   -0.258618   -1.05185
0.930227   -1.51026   0.402397
0.0633035   0.0577323   1.60588
-1.22595   -1.94596   -0.24736
-0.834512   -1.67688   0.106698
1.18608   -0.18637   0.0277085
-1.78642   -0.414338   -0.733639
-2.40816   -1.13598   0.623751
-1.55417   1.12888   -0.767017
0.914202   -0.926717   0.9236
1.79023   0.819222   1.17639
-0.432424   2.09528   -2.82428
0.391022   0.877432   1.04397
-1.41568   -1.52179   0.289631
-0.658607   0.00836366   1.51912
-0.239441   0.222822   2.49758
1.14194   -0.565045   2.39324
1.52174   0.0243191   -1.00389
-1.18857   -0.739875   -0.577318
0.17801   1.93311   0.888096
1.09823   0.235502   -0.690447
-1.02764   0.258531   0.442625
1.17559   0.873709   -0.99855
0.429355   -2.67326   1.35824
1.28632   0.659987   0.832521
-0.00658543   0.357316   0.567909
-1.01697   0.261499   -0.574059
1.91775   -1.98955   -0.200472
1.63811   2.1604   0.420668
0.769588   -0.21551   -0.11288
0.0227311   1.13096   0.273093
-0.741981   -0.131811   -0.58875
-0.20442   0.153649   -1.20387
