0.356135   0.304605   0.32669
-0.254584   -0.225915   -0.398739
-0.284734   -0.405258   -0.094513
-0.292707   0.45499   -0.275569
-0.0516234   -0.365481   -0.342769
-0.0342886   -0.101129   0.326699
-0.21778   -0.0364432   -0.495405
-0.0839827   -0.156457   -0.275178
-0.00625634   0.43053   -0.345424
-0.479768   -0.495076   0.425223
0.075319   -0.309936   0.384208
0.121497   -0.425258   -0.424414
0.332275   -0.327703   0.489551
0.470133   0.0550586   0.397588
-0.430861   -0.0150223   -0.427808
-0.264088   -0.424821   -0.48306
-0.0871214   0.129429   -0.488926
0.318314   0.462486   0.486529
-0.227567   0.0476054   -0.283836
-0.0451151   0.212882   0.0277676
0.117112   0.0907031   0.462945
0.311071   -0.105466   -0.483104
0.209302   0.0224831   -0.352921
0.464825   -0.168554   -0.335277
0.486819   0.298261   0.147828
-0.0954534   0.179872   -0.178146
-0.469736   0.354367   -0.270678
-0.435328   0.219738   0.317498
-0.312643   0.402171   0.411542
0.00658162   0.363605   -0.144813
-0.329012   0.209351   -0.207496
0.0397415   0.193053   -0.326392
0.31195   0.162778   -0.457691
0.411562   -0.394148   -0.332967
0.487106   0.302892   -0.488808
0.373352   -0.0690943   -0.16522
-0.418711   0.328075   -0.0439605
-0.393558   -0.372757   -0.309685
0.367913   0.382457   -0.0979415
-0.30765   0.480355   0.0581294
-0.102141   -0.457658   -0.127897
-0.18422   -0.23507   0.408053
-0.445055   -0.296625   0.069071
0.0511421   -0.0555456   -0.173913
0.238856   -0.49704   -0.282582
0.317069   -0.297262   -0.0647277
0.16997   -0.105969   0.362412
0.0784055   -0.356138   -0.175573
-0.48194   -0.454837   -0.127289
-0.256574   -0.219382   -0.0171106
0.389384   -0.176946   0.0848207
0.480046   -0.30493   0.25149
-0.000392172   -0.0159352   -0.393679
-0.214035   0.369553   -0.123701
-0.145298   -0.0191574   -0.100264
0.235508   -0.259591   -0.25911
0.257108   -0.0272174   0.160551
0.361047   0.0308099   0.00361071
0.165189   -0.0085394   -0.0241594
-0.398981   -0.0433836   0.00204762
-0.325118   0.13965   0.489488
-0.288744   0.148844   -0.0190763
0.490098   0.140508   -0.0750255
-0.487988   0.0896645   0.127112
-0.0588152   -0.209162   -0.0305137
0.145693   0.227632   -0.0726074
0.0281623   -0.38664   0.0230015
-0.143473   0.127125   0.180423
0.48782   0.110748   -0.311972
-0.418842   -0.0316145   -0.210693
0.126117   0.139125   0.137274
-0.180078   -0.0725867   0.0927551
0.460306   -0.472205   0.0582869
0.244208   -0.459119   0.105253
-0.306898   -0.392865   0.308704
-0.189529   0.457703   0.248177
-0.0684701   0.440256   0.0563308
0.0394131   -0.451552   0.198615
-0.367466   -0.1419   0.392439
-0.0775157   -0.44936   0.410336
0.188361   0.489418   -0.0802086
0.174695   0.325301   -0.435414
0.164701   -0.224453   -0.428385
0.359944   -0.463208   0.279553
-0.437841   -0.060063   0.22297
-0.28575   -0.214071   0.208524
0.37676   -0.140111   0.324231
-0.459713   -0.299151   0.49083
-0.18421   -0.363617   0.125637
0.00401913   0.0944867   0.297529
0.00831473   -0.0207862   0.0987514
0.0117897   -0.223936   0.17374
-0.486771   -0.212249   -0.149888
0.1444   0.258861   0.357265
0.21248   -0.29036   0.216712
0.137931   0.476376   0.352146
0.159588   0.372051   0.148592
-0.258966   0.290363   0.115038
-0.0543964   0.311628   0.225333
-0.437463   0.475515   0.228451
-0.283194   0.0520798   0.310226
0.158892   -0.216649   0.0388771
-0.204623   0.233957   -0.385632
0.282741   0.251591   -0.243956
-0.221183   0.250719   0.357008
0.317037   0.222447   0.0671355
-0.0487731   0.333443   0.452127
0.298825   0.0778004   0.320999
