-0.0997737   -0.96778   -0.28941
-0.597814   1.5805   1.21894
-0.231412   -0.824082   -0.835592
0.902153   -0.935071   -1.09666
0.866821   -0.0969908   0.189216
-0.0719734   0.915071   -0.541588
-0.171388   0.0509974   -1.86191
-2.17458   -0.741863   -1.10192
0.0913713   1.43872   -0.595816
-0.637516   -0.885279   0.123551
0.0539569   -0.447785   1.03736
-0.0519402   0.214635   -0.573373
-0.457705   0.243712   -0.213491
-0.223342   1.05472   -0.426443
-0.892858   -0.365045   0.451223
1.60377   -0.529118   1.78112
-0.493449   0.388477   0.125482
0.523622   -0.565858   -1.08632
0.411477   1.18884   0.749292
-0.659896   -1.43647   2.129
0.12369   -0.643475   -0.585333
0.921456   1.12434   0.137518
0.280589   0.0179319   -0.519849
-0.226235   -0.67694   2.99248
-0.167888   -0.676384   -0.584605
-1.47949   -1.27541   0.965615
0.33753   0.344605   0.180231
-0.925901   -0.464106   1.57337
-1.61536   0.415144   -0.663343
0.987376   0.0768197   -0.245675
0.903278   -0.0358029   1.27624
0.502371   0.597732   1.19375
1.63343   0.667726   -0.0857625
1.04091   -0.122862   -1.22873
-1.66633   0.941657   -0.985684
0.572783   -0.605686   -0.343731
0.69539   -0.549477   -0.307982
-0.597148   -0.134825   -1.34556
-0.289479   -0.194491   -1.36782
-0.0027412   0.725807   -0.0645413
1.1069   1.45809   1.35656
0.551614   0.396211   -0.0925592
-0.343439   -1.12545   -0.394329
0.744325   1.0217   -0.132864
-0.615153   -1.38704   1.64641
0.474022   0.160413   -1.19332
0.856395   1.38492   -0.118124
-0.846544   0.76464   0.346563
-0.0453793   0.05806   1.31495
0.0206314   -0.118438   -0.484012
0.420828   1.25382   -0.913183
-0.791597   0.0601215   0.990261
-0.689899   0.76226   0.951139
-0.0929596   0.00206714   -0.849816
-1.50543   0.363753   2.21802
0.79491   0.473201   -0.528816
0.374955   -0.226071   -0.484003
-2.1389   -0.170822   -0.350135
0.226463   0.900887   -1.236
0.0403582   -1.07675   0.274158
-1.26119   -0.122052   -0.583231
-0.68232   -0.164181   1.5591
-0.582645   0.527019   -0.210758
-1.32622   0.320035   -0.925029
1.29186   -0.746331   -0.00544672
0.0765925   -0.240637   -0.00815533
1.69889   -1.3225   1.65498
0.61108   0.347279   -0.985187
1.37809   -0.185248   0.413466
-0.836991   -1.08418   0.573425
0.736738   0.432883   0.0869633
0.680224   0.18046   1.67272
0.121038   -0.637488   -1.81069
0.701603   1.13523   0.114715
-0.64028   -0.755353   -1.10486
-0.283108   0.27987   -1.34959
1.23298   0.727986   -0.30169
-0.816022   -1.39103   1.11442
-0.25054   -0.173306   -0.101162
-0.506168   0.55825   0.231434
0.280023   -0.530846   0.176322
0.808195   1.22383   -0.193292
-2.19231   -0.164538   0.64065
0.420559   -0.872885   -0.340431
-0.771549   -0.694867   0.998186
0.983104   1.79067   1.45285
0.507953   -0.318187   1.19027
0.377857   -0.737382   -0.578458
0.759833   -0.150893   0.513043
-0.441184   0.243041   1.06814
-1.43015   -0.570685   0.547283
-1.28208   0.703112   -0.945438
0.379272   -0.0201366   -1.15722
-0.702863   -1.34542   -1.1858
-0.379795   0.663035   -0.40277
0.117068   -0.846064   -1.76123
0.565108   -0.862105   -0.165891
1.42842   0.935864   0.183198
0.455148   0.127464   -0.955634
-1.01601   0.257386   0.358659
-1.17557   -0.748006   -0.564142
0.614225   -0.755188   0.14627
2.07157   1.12907   -0.24698
0.588655   0.674409   -0.36887
-0.780194   0.517026   -0.303787
1.15984   1.03313   0.252353
-0.415728   -0.794242   0.978514
0.467143   -1.3415   -0.865364
