-0.957649   -0.371009   -0.820689
-0.428396   0.87861   0.0701952
-1.70017   2.55494   1.50243
0.0284405   1.62658   0.931909
-0.756049   -0.904002   -2.0357
0.240493   -0.280444   1.12706
0.8088   0.129741   0.476423
0.477366   0.684832   -1.29287
0.69258   0.501635   -0.521216
1.46265   -0.357303   0.0567127
1.68293   -0.282674   1.42652
-1.3624   0.106204   -0.530799
-0.0405221   0.795183   -0.329789
0.0532636   0.320038   -1.11717
0.397473   0.224041   -2.26904
-1.01815   0.629781   0.319505
0.91434   -0.681749   -0.722938
-0.145499   -1.03814   0.32051
-0.757162   0.201818   0.0309035
1.25368   0.528212   0.340508
-1.09322   1.27289   0.736738
-0.172222   -2.79826   -0.689536
-1.31274   -0.175235   0.100513
1.14316   -0.175285   1.14074
0.878579   -0.256431   0.72758
-0.109052   -1.55996   -1.4129
-1.69703   -2.03617   -0.392715
0.987501   -0.456296   -0.43833
0.798004   0.589272   -1.1493
-0.296516   0.272085   -0.229304
-0.289009   1.41718   1.4993
1.20734   0.673837   0.779048
1.3123   0.673106   0.137242
-0.83312   -0.322179   -0.733671
-0.630434   1.09529   -2.37065
-1.18541   1.57438   -1.7375
1.00626   0.264257   0.214789
0.830025   -0.333037   1.45892
-0.4266   -0.702878   1.30025
-0.153819   -0.391743   -1.24481
-0.289835   0.226279   -1.02118
1.27701   0.121708   0.746013
2.60501   -1.45386   0.555786
1.37401   -0.127153   1.848
-1.87632   0.812536   1.55419
1.23313   -0.798932   0.588683
-0.17837   -1.06677   -0.800019
0.664659   0.621545   -0.891494
-1.69925   -1.00926   -0.597371
-1.49949   -0.391388   0.414535
-0.39507   0.501434   0.103045
-0.690739   -0.725704   1.50541
-0.486118   0.0585726   -0.140512
0.484831   1.81565   0.0969335
0.00698093   -1.23403   1.90271
-1.35118   0.0980411   -0.935086
0.146945   -0.977863   -1.55276
-0.524055   1.26331   -0.707131
1.78347   -0.445187   -1.65508
-0.582948   1.13402   -1.23452
0.0232759   -0.640222   -0.509509
-0.235541   1.01331   -0.175046
0.457854   1.59437   0.895148
0.431596   -1.14512   -0.418465
-3.4809   1.04483   -2.07645
-0.701766   -0.785701   -1.23745
-2.22019   0.569066   -1.15444
0.0812219   0.586488   -0.281288
0.668604   -0.0399607   -0.732495
1.3771   -0.489192   -1.48726
-0.556756   -0.896904   1.918
-0.95175   0.622495   0.253726
1.14868   0.757916   0.832577
-1.20862   0.0388969   0.373999
-0.986307   -1.80843   0.979226
1.1695   -0.130193   -0.151609
-0.799959   -0.15689   1.85556
1.56977   0.757367   0.0440494
-0.512415   -0.29629   1.72642
0.335002   0.735161   -1.35653
0.349233   -1.12489   -0.916023
0.773416   0.00229154   -0.187693
-0.0668396   -2.1836   0.814748
1.40979   -1.767   -0.558876
-1.43887   -1.01191   1.68318
1.95829   0.0728768   1.75403
-1.58973   2.13692   0.205089
0.907408   0.682926   -0.456094
1.94506   0.2368   1.25581
0.834335   0.0755406   -0.486737
-1.46106   -0.110447   0.0907669
0.363872   -0.246115   -1.5203
0.175916   -0.882954   0.839555
-0.100195   1.23528   -1.00341
-0.606612   -0.344738   1.04643
0.0472299   -1.32184   -1.23197
-0.18455   -0.827769   1.21663
0.637953   -0.305893   1.25362
1.07504   -1.02979   -0.296346
0.101312   -0.160023   0.903933
-1.391   -1.18201   -0.259098
-0.617461   -0.0932382   0.228074
1.42334   2.37964   1.26014
0.142338   -0.115645   0.0861724
-0.432074   -0.393234   0.195575
-0.135682   1.76736   -0.673923
-0.621463   0.0582331   0.386878
0.0799259   0.808166   0.632664
