-0.480647   -0.31302   0.349888
-0.162456   -0.0709941   -0.442168
-0.176565   0.0386595   0.242999
0.0774711   0.262949   0.450086
-0.0789822   0.0820728   0.142068
0.138181   -0.0655224   0.246732
0.336311   0.138588   -0.232438
0.187872   0.114875   -0.44999
0.370043   -0.0211821   0.365373
-0.219946   -0.484135   0.169201
0.49491   -0.373021   -0.0112358
-7.99469e-05   -0.114528   -0.438132
-0.464031   0.398068   -0.105254
-0.315308   -0.105182   -0.0965071
0.42608   -0.478299   -0.00340337
0.159816   -0.481508   -0.197128
-0.473444   0.415048   -0.401652
-0.472049   0.498232   -0.180268
-0.409992   -0.222485   0.0293022
-0.407674   -0.0941634   0.13681
0.202553   0.396788   0.479297
0.363579   0.0508952   -0.486384
-0.293327   -0.405719   0.195586
-0.268807   0.0461035   0.473287
0.363746   0.0844595   0.0527347
0.0992913   -0.283745   -0.226657
0.269819   0.00953846   0.451885
0.413952   -0.390934   0.0151926
0.331216   -0.389891   0.045226
-0.331626   0.256584   -0.193751
-0.488228   -0.1226   -0.167335
0.0945731   -0.26663   0.000829363
-0.143177   0.1492   0.372692
0.495351   0.372476   -0.177073
-0.197587   -0.114368   0.04385
0.440486   -0.416284   -0.327727
0.449406   -0.0725927   0.14395
-0.0571477   -0.477113   0.407456
0.444336   0.293696   0.445573
-0.289793   0.0781207   0.371442
-0.294545   0.439926   -0.00777296
0.366134   0.188887   0.0456741
-0.110103   -0.102089   0.302265
-0.105336   0.338162   -0.0241239
0.282968   0.293518   -0.0248135
0.367214   0.0484154   -0.184365
0.37044   -0.469995   -0.423795
-0.399278   -0.105403   -0.146274
0.282839   -0.0599091   0.266208
0.194955   0.075207   0.229681
-0.358291   -0.163827   0.183531
0.23504   0.443119   0.405562
-0.0564134   0.21428   0.230664
0.0578799   0.292267   0.126905
0.328502   0.321993   -0.236674
-0.243753   -0.185203   0.0771416
0.310508   0.336495   -0.166083
-0.227288   0.366234   -0.299215
-0.0102237   0.300709   -0.172399
-0.188346   0.174099   -0.438966
-0.333936   0.135354   0.473334
0.240349   -0.12643   -0.0809908
-0.477568   0.120607   -0.385154
0.280706   -0.149718   0.270551
0.239119   -0.394123   -0.00289873
0.390583   0.199546   0.401956
-0.173065   -0.468219   -0.456409
-0.0127051   -0.35226   -0.361513
0.499233   -0.360568   0.241381
0.176281   0.434674   -0.268533
0.458004   0.0800249   -0.120261
0.478769   -0.0508735   -0.0223773
-0.203813   0.0999164   -0.243078
-0.388948   -0.0432092   0.080798
-0.392224   -0.101431   0.419267
0.325967   0.489222   0.460864
0.420328   0.483215   -0.243219
0.466526   -0.441831   0.184342
-0.299799   -0.248371   0.00219329
-0.267927   -0.138269   -0.0297092
0.0968054   -0.101355   -0.357086
0.464012   0.139221   0.400481
-0.045685   0.435141   -0.285635
0.336051   -0.479204   -0.219045
-0.471244   -0.237972   0.447426
0.0409944   -0.433761   0.385553
0.195518   0.316855   0.336776
0.140246   0.369275   -0.433617
-0.110561   -0.189885   0.433011
-0.0734118   -0.0867763   -0.0506844
-0.375348   0.191315   0.421369
-0.391988   0.341132   -0.405579
-0.246262   -0.166621   -0.109136
0.480898   0.153176   0.317819
-0.164667   -0.105873   -0.0380705
-0.0439687   -0.247483   0.0417978
-0.169761   0.304801   0.155046
0.0299665   -0.249687   0.203658
-0.466071   0.0879929   0.287515
0.086791   -0.182311   0.185636
0.334195   0.10174   0.170189
-0.329087   0.405037   -0.442181
-0.233295   0.372327   -0.0108405
-0.324006   -0.407336   0.128788
0.30243   0.0833964   0.464355
-0.167138   0.425582   -0.272727
-0.0726469   -0.224794   -0.156722
0.198304   -0.260612   0.151666
