-0.405471   -0.0220909   0.0486686
0.354251   -0.240612   -0.434624
-0.325445   -0.0597362   0.421734
-0.188858   0.376228   -0.0377671
-0.440306   0.293027   0.251404
-0.126043   0.0309427   -0.465827
-0.20822   -0.372723   -0.22928
-0.386845   0.471108   0.15759
-0.216198   -0.210702   0.480863
-0.34798   -0.163282   -0.139107
-0.324595   0.488111   -0.167895
-0.153139   0.334483   -0.233915
0.246043   0.153998   -0.427173
-0.303201   0.449103   0.378145
-0.132852   -0.00605699   0.159108
-0.0339292   -0.306102   0.405947
0.108484   0.482399   -0.479235
0.00868813   -0.428463   0.221651
-0.460304   -0.396019   -0.0381149
0.106528   0.278617   -0.485165
0.425825   -0.0628124   0.445866
0.268911   -0.175653   0.0411964
-0.367842   0.158274   -0.476667
0.490554   0.389562   -0.19261
-0.142034   0.489555   -0.373362
-0.00873514   0.456701   0.0617307
0.160931   -0.302761   0.467934
0.47104   0.287205   -0.404057
-0.416434   -0.211868   -0.478459
0.242615   -0.403156   -0.0930874
0.105515   -0.277303   0.0945276
-0.151347   -0.129558   -0.115286
0.215721   0.159923   -0.218118
-0.278345   0.299401   0.142701
-0.00462963   0.494273   -0.189198
0.486   -0.448852   -0.381466
-0.40894   -0.293755   0.149221
-0.001909   0.146018   -0.270275
0.491146   -0.145433   -0.301372
0.0664882   -0.0809598   -0.438338
-0.324931   -0.0146847   -0.323181
-0.213693   -0.356728   0.318405
-0.499387   0.411276   0.407698
0.392366   0.25294   0.0546527
-0.223137   -0.392924   0.0534475
-0.431924   0.377163   -0.00849724
-0.176043   0.162205   0.0477459
0.266429   0.0249707   0.273606
-0.359797   0.254534   -0.192494
0.458048   0.171418   0.414704
-0.384159   0.1832   -0.008966
0.22726   0.240727   0.176619
-0.183421   0.0551885   -0.14588
0.394986   0.455701   0.00730782
0.313365   -0.234292   -0.14965
0.226398   0.424995   -0.21344
-0.30908   -0.394187   -0.458833
0.397516   0.422486   0.23344
0.291352   0.36758   -0.399859
-0.209625   0.162426   -0.323391
0.297894   -0.399655   -0.355379
0.466047   0.0971671   -0.352617
-0.0967911   -0.220458   0.102128
-0.115448   0.375241   0.241701
-0.004901   -0.0480707   -0.228604
0.467887   0.0682455   0.207643
0.182924   -0.215098   -0.338333
-0.430489   -0.338741   -0.212425
0.406444   -0.153537   0.199397
0.112145   -0.0954762   0.156525
-0.133131   0.291796   0.484501
0.317093   -0.044369   -0.364772
0.134816   0.127773   0.389209
-0.128384   0.1402   0.324862
0.414629   0.164816   -0.114887
0.0827658   0.0916202   0.181859
-0.0144443   0.0637203   -0.044788
0.182023   0.417678   0.319294
-0.0851249   -0.397595   -0.0643196
0.309549   0.288461   0.421975
-0.314282   0.0743038   0.230826
-0.0677158   0.49999   0.387463
0.183017   -0.0196371   -0.137208
-0.43063   0.0146221   -0.169402
-0.0436873   -0.339861   -0.37334
0.332779   0.0344783   0.0238317
0.0727157   -0.258402   -0.127944
0.380328   -0.375796   0.133654
-0.0320888   -0.0359505   0.367017
0.46778   -0.188475   -0.0131709
0.0025798   0.2553   0.110731
0.112215   -0.404795   -0.309109
0.227999   -0.0614907   0.431671
-0.424692   -0.175089   0.300262
0.0699848   0.335678   -0.291287
-0.309842   0.369003   -0.392646
-0.14282   -0.170552   0.287303
0.386296   -0.0311311   -0.170447
0.180093   0.385564   -0.0104904
-0.486215   -0.385132   0.324873
0.112809   -0.242959   0.284914
0.165753   0.151821   0.004257
-0.272343   -0.163327   0.0867029
0.0360445   0.267773   0.31645
0.326293   -0.458184   0.407906
0.00413391   0.268214   -0.0981871
-0.166819   -0.155297   -0.336249
0.197294   -0.479462   0.157321
